[32m2024-01-30 12:15:12 -0500[0m - dagster - [34mDEBUG[0m - __ASSET_JOB - 8f49073d-b98c-4fbd-a158-e64a0e18c8fc - 73067 - LOGS_CAPTURED - Started capturing logs in process (pid: 73067).
[32m2024-01-30 12:15:12 -0500[0m - dagster - [34mDEBUG[0m - __ASSET_JOB - 8f49073d-b98c-4fbd-a158-e64a0e18c8fc - 73067 - config_validation - STEP_START - Started execution of step "config_validation".
[32m2024-01-30 12:15:12 -0500[0m - dagster - [34mINFO[0m - __ASSET_JOB - 8f49073d-b98c-4fbd-a158-e64a0e18c8fc - config_validation - ('name', 'histogram config')
[32m2024-01-30 12:15:12 -0500[0m - dagster - [34mINFO[0m - __ASSET_JOB - 8f49073d-b98c-4fbd-a158-e64a0e18c8fc - config_validation - ('aggregate_type_mapping', [])
[32m2024-01-30 12:15:12 -0500[0m - dagster - [34mINFO[0m - __ASSET_JOB - 8f49073d-b98c-4fbd-a158-e64a0e18c8fc - config_validation - ('computation_type_mapping', [])
[32m2024-01-30 12:15:12 -0500[0m - dagster - [34mINFO[0m - __ASSET_JOB - 8f49073d-b98c-4fbd-a158-e64a0e18c8fc - config_validation - ('computations', [])
[32m2024-01-30 12:15:12 -0500[0m - dagster - [34mINFO[0m - __ASSET_JOB - 8f49073d-b98c-4fbd-a158-e64a0e18c8fc - config_validation - ('datatype_mapping', [])
[32m2024-01-30 12:15:12 -0500[0m - dagster - [34mINFO[0m - __ASSET_JOB - 8f49073d-b98c-4fbd-a158-e64a0e18c8fc - config_validation - ('partition_key_agg_funcs', [])
[32m2024-01-30 12:15:12 -0500[0m - dagster - [34mINFO[0m - __ASSET_JOB - 8f49073d-b98c-4fbd-a158-e64a0e18c8fc - config_validation - ('servers', [])
[32m2024-01-30 12:15:12 -0500[0m - dagster - [34mINFO[0m - __ASSET_JOB - 8f49073d-b98c-4fbd-a158-e64a0e18c8fc - config_validation - ('table_inclusions', [])
[32m2024-01-30 12:15:12 -0500[0m - dagster - [34mINFO[0m - __ASSET_JOB - 8f49073d-b98c-4fbd-a158-e64a0e18c8fc - config_validation - ('aggregate_type_mapping', [])
[32m2024-01-30 12:15:12 -0500[0m - dagster - [34mINFO[0m - __ASSET_JOB - 8f49073d-b98c-4fbd-a158-e64a0e18c8fc - config_validation - ('computation_type_mapping', [{'computations': ['histogram'], 'name': 'INTEGER'}, {'computations': ['histogram'], 'name': 'DOUBLE'}, {'computations': ['histogram'], 'name': 'BIGINT'}, {'computations': ['histogram'], 'name': 'NUMERIC'}, {'computations': ['topdistinct'], 'name': 'VARCHAR'}])
[32m2024-01-30 12:15:12 -0500[0m - dagster - [34mINFO[0m - __ASSET_JOB - 8f49073d-b98c-4fbd-a158-e64a0e18c8fc - config_validation - ('computations', [{'bin_count': 10, 'binning_algo': 'clean_many', 'class_name': 'Histogram', 'name': 'histogram', 'value': '$1'}, {'class_name': 'TopDistinct', 'max_unique': 100, 'min_unique': 0, 'name': 'topdistinct', 'top_count': 10, 'value': '$1'}])
[32m2024-01-30 12:15:12 -0500[0m - dagster - [34mINFO[0m - __ASSET_JOB - 8f49073d-b98c-4fbd-a158-e64a0e18c8fc - config_validation - ('conn_type', 'jdbc')
[32m2024-01-30 12:15:12 -0500[0m - dagster - [34mINFO[0m - __ASSET_JOB - 8f49073d-b98c-4fbd-a158-e64a0e18c8fc - config_validation - ('datatype_mapping', [{'agg_funcs': ['min($1)', 'max($1)'], 'agg_funcs2': ['min', 'max'], 'name': 'numeric', 'subtypes': ['BIGINT', 'INTEGER', 'FLOAT', 'DOUBLE', 'TINYINT', 'NUMERIC']}, {'agg_funcs': ['COUNT(DISTINCT($1))'], 'agg_funcs2': [], 'name': 'varchar', 'subtypes': ['VARCHAR', 'TEXT']}])
[32m2024-01-30 12:15:12 -0500[0m - dagster - [34mINFO[0m - __ASSET_JOB - 8f49073d-b98c-4fbd-a158-e64a0e18c8fc - config_validation - ('default_partition_key', 'ID')
[32m2024-01-30 12:15:12 -0500[0m - dagster - [34mINFO[0m - __ASSET_JOB - 8f49073d-b98c-4fbd-a158-e64a0e18c8fc - config_validation - ('jobs_server', 'test')
[32m2024-01-30 12:15:12 -0500[0m - dagster - [34mINFO[0m - __ASSET_JOB - 8f49073d-b98c-4fbd-a158-e64a0e18c8fc - config_validation - ('max_records_per_table', 0)
[32m2024-01-30 12:15:12 -0500[0m - dagster - [34mINFO[0m - __ASSET_JOB - 8f49073d-b98c-4fbd-a158-e64a0e18c8fc - config_validation - ('only_inclusion_tables', True)
[32m2024-01-30 12:15:12 -0500[0m - dagster - [34mINFO[0m - __ASSET_JOB - 8f49073d-b98c-4fbd-a158-e64a0e18c8fc - config_validation - ('parallization', 4)
[32m2024-01-30 12:15:12 -0500[0m - dagster - [34mINFO[0m - __ASSET_JOB - 8f49073d-b98c-4fbd-a158-e64a0e18c8fc - config_validation - ('partition_key', 'ID')
[32m2024-01-30 12:15:12 -0500[0m - dagster - [34mINFO[0m - __ASSET_JOB - 8f49073d-b98c-4fbd-a158-e64a0e18c8fc - config_validation - ('partition_key_agg_funcs', ['min($1)', 'max($1)'])
[32m2024-01-30 12:15:12 -0500[0m - dagster - [34mINFO[0m - __ASSET_JOB - 8f49073d-b98c-4fbd-a158-e64a0e18c8fc - config_validation - ('run_type', 'test')
[32m2024-01-30 12:15:12 -0500[0m - dagster - [34mINFO[0m - __ASSET_JOB - 8f49073d-b98c-4fbd-a158-e64a0e18c8fc - config_validation - ('sample_rate', 0)
[32m2024-01-30 12:15:12 -0500[0m - dagster - [34mINFO[0m - __ASSET_JOB - 8f49073d-b98c-4fbd-a158-e64a0e18c8fc - config_validation - ('servers', [{'database': '/home/python/insights/tests/data/test.db', 'dialect': 'sqlite', 'name': 'test', 'schemas': []}, {'database': '/home/python/insights/tests/data/targettest.db', 'dialect': 'sqlite', 'name': 'testtarget', 'schemas': []}, {'database': 'SDS', 'dialect': 'iris', 'driver': 'com.intersystems.jdbc.IRISDriver', 'host': 'iris-svc.targetdb', 'name': 'iristesttarget', 'password': 'sys', 'port': 1972, 'schemas': [], 'user': 'SuperUser'}, {'database': 'User', 'dialect': 'iris', 'driver': 'com.intersystems.jdbc.IRISDriver', 'host': 'localhost', 'name': 'local', 'password': 'sys', 'port': 1972, 'schemas': ['SQLUser', 'MyPackage'], 'user': '_system'}, {'database': 'B360', 'dialect': 'iris', 'driver': 'com.intersystems.jdbc.IRISDriver', 'host': '3.233.121.206', 'name': 'AWS Test', 'password': 'V4nTKf6IaAw7', 'port': 1972, 'schemas': ['Custom_Model'], 'user': 'superuser'}, {'database': 'FSANALYTICS', 'dialect': 'iris', 'driver': 'com.intersystems.jdbc.IRISDriver', 'host': '52.22.210.188', 'name': 'DEMO-SYS FSDatalake', 'password': 'V4nTKf6IaAw7', 'port': 1972, 'schemas': ['FSA'], 'user': 'superuser'}])
[32m2024-01-30 12:15:12 -0500[0m - dagster - [34mINFO[0m - __ASSET_JOB - 8f49073d-b98c-4fbd-a158-e64a0e18c8fc - config_validation - ('spark_jars', '/home/bin/intersystems-jdbc-3.3.0.jar')
[32m2024-01-30 12:15:12 -0500[0m - dagster - [34mINFO[0m - __ASSET_JOB - 8f49073d-b98c-4fbd-a158-e64a0e18c8fc - config_validation - ('src_server', 'AWS Test')
[32m2024-01-30 12:15:12 -0500[0m - dagster - [34mINFO[0m - __ASSET_JOB - 8f49073d-b98c-4fbd-a158-e64a0e18c8fc - config_validation - ('table_inclusions', ['Custom_Model.ISCCustomerMaster', 'Custom_Model.ISCTrade'])
[32m2024-01-30 12:15:12 -0500[0m - dagster - [34mINFO[0m - __ASSET_JOB - 8f49073d-b98c-4fbd-a158-e64a0e18c8fc - config_validation - ('target_server', 'iristesttarget')
[32m2024-01-30 12:15:16 -0500[0m - dagster - [34mDEBUG[0m - __ASSET_JOB - 8f49073d-b98c-4fbd-a158-e64a0e18c8fc - 73067 - config_validation - STEP_OUTPUT - Yielded output "result" of type "Any". (Type check passed).
[32m2024-01-30 12:15:16 -0500[0m - dagster - [34mDEBUG[0m - __ASSET_JOB - 8f49073d-b98c-4fbd-a158-e64a0e18c8fc - config_validation - Writing file at: /Users/dkogan/dagster-stratify/tmpgaw6u1nd/storage/config_validation using PickledObjectFilesystemIOManager...
[32m2024-01-30 12:15:16 -0500[0m - dagster - [34mDEBUG[0m - __ASSET_JOB - 8f49073d-b98c-4fbd-a158-e64a0e18c8fc - 73067 - config_validation - ASSET_MATERIALIZATION - Materialized value config_validation.
[32m2024-01-30 12:15:16 -0500[0m - dagster - [34mDEBUG[0m - __ASSET_JOB - 8f49073d-b98c-4fbd-a158-e64a0e18c8fc - 73067 - config_validation - HANDLED_OUTPUT - Handled output "result" using IO manager "io_manager"
[32m2024-01-30 12:15:16 -0500[0m - dagster - [34mDEBUG[0m - __ASSET_JOB - 8f49073d-b98c-4fbd-a158-e64a0e18c8fc - 73067 - config_validation - STEP_SUCCESS - Finished execution of step "config_validation" in 3.56s.
